<?xml version="1.0" encoding="utf-8"?><testsuites name="pytest tests"><testsuite name="pytest" errors="0" failures="0" skipped="0" tests="7" time="1.962" timestamp="2026-04-26T01:37:22.343329+00:00" hostname="agent-env-b0918734-5f0c-4bf9-b751-77ec6874e6a8"><testcase classname="backend.tests.test_backend" name="test_root_returns_200" time="0.323" /><testcase classname="backend.tests.test_backend" name="test_create_lead_valid" time="0.184" /><testcase classname="backend.tests.test_backend" name="test_create_lead_invalid_email" time="0.149" /><testcase classname="backend.tests.test_backend" name="test_create_lead_missing_name" time="0.193" /><testcase classname="backend.tests.test_backend" name="test_create_lead_missing_email" time="0.221" /><testcase classname="backend.tests.test_backend" name="test_create_lead_missing_company" time="0.214" /><testcase classname="backend.tests.test_backend" name="test_list_leads_no_objectid_leak" time="0.241" /></testsuite></testsuites>